<?xml version="1.0" encoding="UTF-8"?>
<!-- Generated by org.testng.reporters.JUnitReportReporter -->
<testsuite hostname="DESKTOP-7IDVFK7" name="tests.testngTests.LennoxTest" tests="1" failures="0" timestamp="5 Apr 2021 06:01:52 GMT" time="180.387" errors="1">
  <testcase name="LennoxHeaterProductCheckoutTest" time="180.387" classname="tests.testngTests.LennoxTest">
    <error type="org.openqa.selenium.WebDriverException" message="&lt;html&gt;&lt;body&gt;&lt;h1&gt;504 Gateway Time-out&lt;/h1&gt;
The server didn&#039;t respond in time.
&lt;/body&gt;&lt;/html&gt;
Command duration or timeout: 180.34 seconds
Build info: version: &#039;3.141.59&#039;, revision: &#039;e82be7d358&#039;, time: &#039;2018-11-14T08:17:03&#039;
System info: host: &#039;DESKTOP-7IDVFK7&#039;, ip: &#039;192.168.29.144&#039;, os.name: &#039;Windows 10&#039;, os.arch: &#039;amd64&#039;, os.version: &#039;10.0&#039;, java.version: &#039;1.8.0_151&#039;
Driver info: io.appium.java_client.android.AndroidDriver
Capabilities {app: /tmp/tmpckY0nq/aos.apk, appActivity: crc647cb4db12adeb0334.Splas..., appPackage: com.lennox.DaveNet, autoAcceptAlerts: true, automationName: UiAutomator2, databaseEnabled: false, desired: {app: /tmp/tmpckY0nq/aos.apk, appActivity: crc647cb4db12adeb0334.Splas..., appPackage: com.lennox.DaveNet, autoAcceptAlerts: true, automationName: UiAutomator2, deviceName: Samsung Galaxy Tab A 10 Goo..., eventTimings: true, maxTypingFrequency: 8, newCommandTimeout: 0, noReset: false, noSign: true, orientation: PORTRAIT, platformName: Android, platformVersion: 8.0, proxy: {proxyAutoconfigUrl: http://127.0.0.1:19876/pac.js, proxyType: PAC}, udid: emulator-5554, webdriver.remote.quietExceptions: false}, deviceManufacturer: unknown, deviceModel: Android SDK built for x86_64, deviceName: emulator-5554, deviceScreenDensity: 240, deviceScreenSize: 1200x1920, deviceUDID: emulator-5554, eventTimings: true, hasMetadata: true, javascriptEnabled: true, locationContextEnabled: false, maxTypingFrequency: 8, networkConnectionEnabled: true, newCommandTimeout: 0, noReset: false, noSign: true, orientation: PORTRAIT, pixelRatio: 1.5, platform: LINUX, platformName: Android, platformVersion: 8.0.0, proxy: Proxy(pac: http://127.0.0.1..., statBarHeight: 36, takesScreenshot: true, udid: emulator-5554, viewportRect: {height: 1812, left: 0, top: 36, width: 1200}, warnings: {}, webStorageEnabled: false, webdriver.remote.quietExceptions: false, webdriver.remote.sessionid: 55c182f8dad7485fb2683bc3a9c...}
Session ID: 55c182f8dad7485fb2683bc3a9c6e453">
      <![CDATA[org.openqa.selenium.WebDriverException: <html><body><h1>504 Gateway Time-out</h1>
The server didn't respond in time.
</body></html>
Command duration or timeout: 180.34 seconds
Build info: version: '3.141.59', revision: 'e82be7d358', time: '2018-11-14T08:17:03'
System info: host: 'DESKTOP-7IDVFK7', ip: '192.168.29.144', os.name: 'Windows 10', os.arch: 'amd64', os.version: '10.0', java.version: '1.8.0_151'
Driver info: io.appium.java_client.android.AndroidDriver
Capabilities {app: /tmp/tmpckY0nq/aos.apk, appActivity: crc647cb4db12adeb0334.Splas..., appPackage: com.lennox.DaveNet, autoAcceptAlerts: true, automationName: UiAutomator2, databaseEnabled: false, desired: {app: /tmp/tmpckY0nq/aos.apk, appActivity: crc647cb4db12adeb0334.Splas..., appPackage: com.lennox.DaveNet, autoAcceptAlerts: true, automationName: UiAutomator2, deviceName: Samsung Galaxy Tab A 10 Goo..., eventTimings: true, maxTypingFrequency: 8, newCommandTimeout: 0, noReset: false, noSign: true, orientation: PORTRAIT, platformName: Android, platformVersion: 8.0, proxy: {proxyAutoconfigUrl: http://127.0.0.1:19876/pac.js, proxyType: PAC}, udid: emulator-5554, webdriver.remote.quietExceptions: false}, deviceManufacturer: unknown, deviceModel: Android SDK built for x86_64, deviceName: emulator-5554, deviceScreenDensity: 240, deviceScreenSize: 1200x1920, deviceUDID: emulator-5554, eventTimings: true, hasMetadata: true, javascriptEnabled: true, locationContextEnabled: false, maxTypingFrequency: 8, networkConnectionEnabled: true, newCommandTimeout: 0, noReset: false, noSign: true, orientation: PORTRAIT, pixelRatio: 1.5, platform: LINUX, platformName: Android, platformVersion: 8.0.0, proxy: Proxy(pac: http://127.0.0.1..., statBarHeight: 36, takesScreenshot: true, udid: emulator-5554, viewportRect: {height: 1812, left: 0, top: 36, width: 1200}, warnings: {}, webStorageEnabled: false, webdriver.remote.quietExceptions: false, webdriver.remote.sessionid: 55c182f8dad7485fb2683bc3a9c...}
Session ID: 55c182f8dad7485fb2683bc3a9c6e453
	at sun.reflect.NativeConstructorAccessorImpl.newInstance0(Native Method)
	at sun.reflect.NativeConstructorAccessorImpl.newInstance(NativeConstructorAccessorImpl.java:62)
	at sun.reflect.DelegatingConstructorAccessorImpl.newInstance(DelegatingConstructorAccessorImpl.java:45)
	at java.lang.reflect.Constructor.newInstance(Constructor.java:423)
	at org.openqa.selenium.remote.ErrorHandler.createThrowable(ErrorHandler.java:214)
	at org.openqa.selenium.remote.ErrorHandler.throwIfResponseFailed(ErrorHandler.java:166)
	at org.openqa.selenium.remote.RemoteWebDriver.execute(RemoteWebDriver.java:586)
	at io.appium.java_client.DefaultGenericMobileDriver.execute(DefaultGenericMobileDriver.java:45)
	at io.appium.java_client.AppiumDriver.execute(AppiumDriver.java:1)
	at io.appium.java_client.android.AndroidDriver.execute(AndroidDriver.java:1)
	at org.openqa.selenium.remote.RemoteWebDriver$RemoteTargetLocator.alert(RemoteWebDriver.java:932)
	at org.openqa.selenium.support.ui.ExpectedConditions$28.apply(ExpectedConditions.java:806)
	at org.openqa.selenium.support.ui.ExpectedConditions$28.apply(ExpectedConditions.java:802)
	at org.openqa.selenium.support.ui.FluentWait.until(FluentWait.java:249)
	at utils.GenericMethods.isAlertPresent(GenericMethods.java:182)
	at IntegrationTests.screens.android.LoginScreen.alertHandle(LoginScreen.java:43)
	at IntegrationTests.coreLogic.android.AndroidCoreLogic.verifyLoginFlow(AndroidCoreLogic.java:33)
	at tests.testngTests.LennoxTest.LennoxHeaterProductCheckoutTest(LennoxTest.java:73)
	at sun.reflect.NativeMethodAccessorImpl.invoke0(Native Method)
	at sun.reflect.NativeMethodAccessorImpl.invoke(NativeMethodAccessorImpl.java:62)
	at sun.reflect.DelegatingMethodAccessorImpl.invoke(DelegatingMethodAccessorImpl.java:43)
	at java.lang.reflect.Method.invoke(Method.java:498)
	at org.testng.internal.MethodInvocationHelper.invokeMethod(MethodInvocationHelper.java:86)
	at org.testng.internal.Invoker.invokeMethod(Invoker.java:643)
	at org.testng.internal.Invoker.invokeTestMethod(Invoker.java:820)
	at org.testng.internal.Invoker.invokeTestMethods(Invoker.java:1128)
	at org.testng.internal.TestMethodWorker.invokeTestMethods(TestMethodWorker.java:129)
	at org.testng.internal.TestMethodWorker.run(TestMethodWorker.java:112)
	at org.testng.TestRunner.privateRun(TestRunner.java:782)
	at org.testng.TestRunner.run(TestRunner.java:632)
	at org.testng.SuiteRunner.runTest(SuiteRunner.java:366)
	at org.testng.SuiteRunner.runSequentially(SuiteRunner.java:361)
	at org.testng.SuiteRunner.privateRun(SuiteRunner.java:319)
	at org.testng.SuiteRunner.run(SuiteRunner.java:268)
	at org.testng.SuiteRunnerWorker.runSuite(SuiteRunnerWorker.java:52)
	at org.testng.SuiteRunnerWorker.run(SuiteRunnerWorker.java:86)
	at org.testng.TestNG.runSuitesSequentially(TestNG.java:1244)
	at org.testng.TestNG.runSuitesLocally(TestNG.java:1169)
	at org.testng.TestNG.run(TestNG.java:1064)
	at org.apache.maven.surefire.testng.TestNGExecutor.run(TestNGExecutor.java:283)
	at org.apache.maven.surefire.testng.TestNGXmlTestSuite.execute(TestNGXmlTestSuite.java:75)
	at org.apache.maven.surefire.testng.TestNGProvider.invoke(TestNGProvider.java:120)
	at org.apache.maven.surefire.booter.ForkedBooter.invokeProviderInSameClassLoader(ForkedBooter.java:384)
	at org.apache.maven.surefire.booter.ForkedBooter.runSuitesInProcess(ForkedBooter.java:345)
	at org.apache.maven.surefire.booter.ForkedBooter.execute(ForkedBooter.java:126)
	at org.apache.maven.surefire.booter.ForkedBooter.main(ForkedBooter.java:418)
]]>
    </error>
  </testcase> <!-- LennoxHeaterProductCheckoutTest -->
</testsuite> <!-- tests.testngTests.LennoxTest -->
