<?xml version="1.0" encoding="UTF-8"?>
<!-- Generated by org.testng.reporters.JUnitReportReporter -->
<testsuite hostname="DESKTOP-7IDVFK7" name="tests.testngTests.LennoxTest" tests="1" failures="0" timestamp="30 Mar 2021 13:26:35 GMT" time="105.141" errors="0">
  <testcase name="UserCheckOutMiniHeaterProduct" time="105.141" classname="tests.testngTests.LennoxTest"/>
</testsuite> <!-- tests.testngTests.LennoxTest -->
